[32m2024-02-10 06:47:04 [info] [37m[/node_modules/winston/lib/winston/create-logger.js] [81][0m: [32mServer is running on port 8080.[0m [39m
[32m2024-02-10 06:47:04 [info] [37m[/node_modules/winston/lib/winston/create-logger.js] [81][0m: [32mConnected to the database![0m [39m
[32m2/10/2024, 12:22:20 [info] [37m[/node_modules/winston/lib/winston/create-logger.js] [81][0m: [32mServer is running on port 8080.[0m [39m
[32m2/10/2024, 12:22:20 [info] [37m[/node_modules/winston/lib/winston/create-logger.js] [81][0m: [32mConnected to the database![0m [39m
[32m2024-02-10 06:52:51 [info] [37m[/node_modules/winston/lib/winston/create-logger.js] [81][0m: [32mServer is running on port 8080.[0m [39m
[32m2024-02-10 06:52:51 [info] [37m[/node_modules/winston/lib/winston/create-logger.js] [81][0m: [32mConnected to the database![0m [39m
[32m2024-02-10T06:53:27 [info] [37m[/node_modules/winston/lib/winston/create-logger.js] [81][0m: [32mServer is running on port 8080.[0m [39m
[32m2024-02-10T06:53:27 [info] [37m[/node_modules/winston/lib/winston/create-logger.js] [81][0m: [32mConnected to the database![0m [39m
[32m2024-02-10 06:53:45 [info] [37m[/node_modules/winston/lib/winston/create-logger.js] [81][0m: [32mServer is running on port 8080.[0m [39m
[32m2024-02-10 06:53:45 [info] [37m[/node_modules/winston/lib/winston/create-logger.js] [81][0m: [32mConnected to the database![0m [39m
[32m2024-02-10T06:53:59 [info] [37m[/node_modules/winston/lib/winston/create-logger.js] [81][0m: [32mServer is running on port 8080.[0m [39m
[32m2024-02-10T06:53:59 [info] [37m[/node_modules/winston/lib/winston/create-logger.js] [81][0m: [32mConnected to the database![0m [39m
[32m2024-02-10 06:54:16 [info] [37m[/node_modules/winston/lib/winston/create-logger.js] [81][0m: [32mServer is running on port 8080.[0m [39m
[32m2024-02-10 06:54:16 [info] [37m[/node_modules/winston/lib/winston/create-logger.js] [81][0m: [32mConnected to the database![0m [39m
[32m2-10-2024, 12:24:46 [info] [37m[/node_modules/winston/lib/winston/create-logger.js] [81][0m: [32mServer is running on port 8080.[0m [39m
[32m2-10-2024, 12:24:46 [info] [37m[/node_modules/winston/lib/winston/create-logger.js] [81][0m: [32mConnected to the database![0m [39m
[32m2-10-2024, 12:25:04 [info] [37m[/node_modules/winston/lib/winston/create-logger.js] [81][0m: [32mServer is running on port 8080.[0m [39m
[32m2-10-2024, 12:25:04 [info] [37m[/node_modules/winston/lib/winston/create-logger.js] [81][0m: [32mConnected to the database![0m [39m
[32m2/10/2024, 12:25:13 [info] [37m[/node_modules/winston/lib/winston/create-logger.js] [81][0m: [32mServer is running on port 8080.[0m [39m
[32m2/10/2024, 12:25:13 [info] [37m[/node_modules/winston/lib/winston/create-logger.js] [81][0m: [32mConnected to the database![0m [39m
[32m2-10-2024, 12:26:02 [info] [37m[/node_modules/winston/lib/winston/create-logger.js] [81][0m: [32mServer is running on port 8080.[0m [39m
[32m2-10-2024, 12:26:02 [info] [37m[/node_modules/winston/lib/winston/create-logger.js] [81][0m: [32mConnected to the database![0m [39m
[32m2-10-2024, 12:28:36 [info] [37m[/node_modules/winston/lib/winston/create-logger.js] [81][0m: [32mServer is running on port 8080.[0m [39m
[32m2-10-2024, 12:28:36 [info] [37m[/node_modules/winston/lib/winston/create-logger.js] [81][0m: [32mConnected to the database![0m [39m
[32m2-10-2024, 12:29:29 [info] [37m[/node_modules/winston/lib/winston/create-logger.js] [81][0m: [32mServer is running on port 8080.[0m [39m
[32m2-10-2024, 12:29:29 [info] [37m[/node_modules/winston/lib/winston/create-logger.js] [81][0m: [32mConnected to the database![0m [39m
[32m2024-02-10 06:59:42 [info] [37m[/node_modules/winston/lib/winston/create-logger.js] [81][0m: [32mServer is running on port 8080.[0m [39m
[32m2024-02-10 06:59:42 [info] [37m[/node_modules/winston/lib/winston/create-logger.js] [81][0m: [32mConnected to the database![0m [39m
[32m2-10-2024, 12:30:59 [info] [37m[/node_modules/winston/lib/winston/create-logger.js] [81][0m: [32mServer is running on port 8080.[0m [39m
[32m2-10-2024, 12:30:59 [info] [37m[/node_modules/winston/lib/winston/create-logger.js] [81][0m: [32mConnected to the database![0m [39m
[32m2-10-2024, 12:32:00 [info] [37m[/node_modules/winston/lib/winston/create-logger.js] [81][0m: [32mServer is running on port 8080.[0m [39m
[32m2-10-2024, 12:32:00 [info] [37m[/node_modules/winston/lib/winston/create-logger.js] [81][0m: [32mConnected to the database![0m [39m
[32m2-10-2024, 12:36:58 [info] [37m[/node_modules/winston/lib/winston/create-logger.js] [81][0m: [32mServer is running on port 8080.[0m [39m
[32m2-10-2024, 12:36:58 [info] [37m[/node_modules/winston/lib/winston/create-logger.js] [81][0m: [32mConnected to the database![0m [39m
